--------------------------------------------------------------------------------
Release 14.7 Trace  (nt64)
Copyright (c) 1995-2013 Xilinx, Inc.  All rights reserved.

C:\Xilinx\14.7\ISE_DS\ISE\bin\nt64\unwrapped\trce.exe -intstyle ise -v 3 -s 4
-n 3 -fastpaths -xml main.twx main.ncd -o main.twr main.pcf

Design file:              main.ncd
Physical constraint file: main.pcf
Device,package,speed:     xc3s200,ft256,-4 (PRODUCTION 1.39 2013-10-13)
Report level:             verbose report

Environment Variable      Effect 
--------------------      ------ 
NONE                      No environment variables were set
--------------------------------------------------------------------------------

INFO:Timing:2698 - No timing constraints found, doing default enumeration.
INFO:Timing:3412 - To improve timing, see the Timing Closure User Guide (UG612).
INFO:Timing:2752 - To get complete path coverage, use the unconstrained paths 
   option. All paths that are not constrained will be reported in the 
   unconstrained paths section(s) of the report.
INFO:Timing:3339 - The clock-to-out numbers in this timing report are based on 
   a 50 Ohm transmission line loading model.  For the details of this model, 
   and for more information on accounting for different loading conditions, 
   please see the device datasheet.
INFO:Timing:3390 - This architecture does not support a default System Jitter 
   value, please add SYSTEM_JITTER constraint to the UCF to modify the Clock 
   Uncertainty calculation.
INFO:Timing:3389 - This architecture does not support 'Discrete Jitter' and 
   'Phase Error' calculations, these terms will be zero in the Clock 
   Uncertainty calculation.  Please make appropriate modification to 
   SYSTEM_JITTER to account for the unsupported Discrete Jitter and Phase 
   Error.



Data Sheet report:
-----------------
All values displayed in nanoseconds (ns)

Pad to Pad
---------------+---------------+---------+
Source Pad     |Destination Pad|  Delay  |
---------------+---------------+---------+
a<0>           |sisa<0>        |   10.919|
a<0>           |sisa<1>        |   15.635|
a<0>           |sisa<2>        |   15.458|
a<0>           |sisa<3>        |   15.797|
a<0>           |x<0>           |   16.520|
a<0>           |x<1>           |   15.531|
a<0>           |x<2>           |   13.980|
a<0>           |x<3>           |   13.587|
a<1>           |sisa<1>        |   15.546|
a<1>           |sisa<2>        |   15.369|
a<1>           |sisa<3>        |   15.708|
a<1>           |x<0>           |   16.431|
a<1>           |x<1>           |   15.442|
a<1>           |x<2>           |   13.891|
a<1>           |x<3>           |   13.498|
a<2>           |sisa<1>        |   15.924|
a<2>           |sisa<2>        |   15.747|
a<2>           |sisa<3>        |   16.086|
a<2>           |x<0>           |   16.809|
a<2>           |x<1>           |   15.820|
a<2>           |x<2>           |   14.269|
a<2>           |x<3>           |   13.876|
a<3>           |sisa<1>        |   15.639|
a<3>           |sisa<2>        |   15.462|
a<3>           |sisa<3>        |   15.801|
a<3>           |x<0>           |   16.524|
a<3>           |x<1>           |   15.535|
a<3>           |x<2>           |   13.984|
a<3>           |x<3>           |   13.591|
b<0>           |sisa<0>        |   10.830|
b<0>           |sisa<1>        |   15.546|
b<0>           |sisa<2>        |   15.369|
b<0>           |sisa<3>        |   15.708|
b<0>           |x<0>           |   16.431|
b<0>           |x<1>           |   15.442|
b<0>           |x<2>           |   13.891|
b<0>           |x<3>           |   13.498|
b<1>           |sisa<1>        |   15.639|
b<1>           |sisa<2>        |   15.462|
b<1>           |sisa<3>        |   15.801|
b<1>           |x<0>           |   16.524|
b<1>           |x<1>           |   15.535|
b<1>           |x<2>           |   13.984|
b<1>           |x<3>           |   13.591|
b<2>           |sisa<1>        |   15.546|
b<2>           |sisa<2>        |   15.369|
b<2>           |sisa<3>        |   15.708|
b<2>           |x<0>           |   16.431|
b<2>           |x<1>           |   15.442|
b<2>           |x<2>           |   13.891|
b<2>           |x<3>           |   13.498|
b<3>           |sisa<1>        |   16.211|
b<3>           |sisa<2>        |   16.034|
b<3>           |sisa<3>        |   16.373|
b<3>           |x<0>           |   17.096|
b<3>           |x<1>           |   16.107|
b<3>           |x<2>           |   14.556|
b<3>           |x<3>           |   14.163|
---------------+---------------+---------+


Analysis completed Fri Mar 29 13:57:26 2019 
--------------------------------------------------------------------------------

Trace Settings:
-------------------------
Trace Settings 

Peak Memory Usage: 4489 MB



